[stage      0.0s] importing heavy dependencies
[stage      5.2s] finished importing heavy dependencies
[stage      5.2s] starting run seed=0 output_dir=vhh/debug_VHH72_esm_fix/seed_0
[stage      5.2s] wrote config.json
[setup] loading BoltzGen model...
[stage      5.2s] loading BoltzGen model
[load_boltzgen] checking checkpoints in /storage/frank/.boltz
[load_boltzgen] loading torch checkpoint /storage/frank/.boltz/boltzgen1_diverse.ckpt
/storage/frank/mosaic/.venv/lib/python3.12/site-packages/pytorch_lightning/utilities/migration/utils.py:56: The loaded checkpoint was produced with Lightning v2.5.5, which is newer than your current Lightning version: v2.5.0
[load_boltzgen] converting torch model to JAX
[load_boltzgen] moving model arrays to JAX device
[load_boltzgen] ready
[stage     40.8s] loaded BoltzGen model
[stage     40.8s] reading BoltzGen YAML /storage/frank/mosaic/optimization/vhh/VHH72_WT_SARS-CoV-2_RBD.yaml
[setup] parsing YAML and featurizing complex...
[stage     40.8s] loading and featurizing complex
[stage     42.3s] finished loading and featurizing complex
[stage     42.3s] building parent sequence and design masks
[setup] complex has 321 tokens, 127 binder tokens, 28 designable (CDR) positions, edit budget = 7
[stage     43.2s] finished parent sequence and design masks
[setup] running BoltzGen trunk + diffusion conditioning...
[stage     43.2s] starting BoltzGen sampler/trunk conditioning
[stage     93.5s] finished BoltzGen sampler/trunk conditioning
[setup] loading guidance models...
[stage     93.5s] starting guidance model loading
[stage     93.5s] loading ABMPNN inverse-folding model
[load_abmpnn] loading ABMPNN weights
[load_abmpnn] ready
[stage     93.6s] loaded ABMPNN inverse-folding model
[stage     93.6s] loading ESM2 model esm2_t33_650M_UR50D
[load_esm2] importing fair-esm for esm2_t33_650M_UR50D
[load_esm2] loading torch checkpoint esm2_t33_650M_UR50D
[load_esm2] converting esm2_t33_650M_UR50D from torch to JAX
[load_esm2] ready esm2_t33_650M_UR50D
[stage    101.1s] loaded ESM2 model esm2_t33_650M_UR50D
[stage    101.1s] loading AbLang2 model
[load_ablang2] loading torch checkpoint ablang2-paired
[load_ablang2] converting torch model to JAX
[load_ablang2] ready
[stage    102.5s] loaded AbLang2 model
[stage    102.5s] finished guidance model loading
[stage    102.5s] building guidance and polish losses
[stage    103.2s] finished building guidance and polish losses

[outer 0] guided partial diffusion (start_sigma_frac=0.25, steps=200)...
[stage    103.3s] outer 0: starting guided partial diffusion
[stage    364.7s] outer 0: finished guided partial diffusion
[stage    364.7s] outer 0: decoding final structure with ABMPNN
[outer 0] diffusion produced 26 edits vs parent
[stage    376.4s] outer 0: finished ABMPNN decode
[outer 0] edit-budgeted greedy polish (budget=7, steps<=200)...
[stage    376.4s] outer 0: starting edit-budgeted greedy polish
warn: starting sequence had 26 edits > budget 7; reverted 19 positions before starting greedy descent.
init loss: 0.27 .0.E_soft: 7.00 .0.edit_violation: 0.00 .1.esm_pll:-1.32 .2.ablang2_ppl: 3.93 edits: 7.00
0 loss: 0.27 .0.E_soft: 7.00 .0.edit_violation: 0.00 .1.esm_pll:-1.31 .2.ablang2_ppl: 3.85 edits: 7.00 time: 14.09
1 loss: 0.26 .0.E_soft: 7.00 .0.edit_violation: 0.00 .1.esm_pll:-1.29 .2.ablang2_ppl: 3.77 edits: 7.00 time: 3.99
2 loss: 0.26 .0.E_soft: 7.00 .0.edit_violation: 0.00 .1.esm_pll:-1.27 .2.ablang2_ppl: 3.75 edits: 7.00 time: 3.99
3 loss: 0.25 .0.E_soft: 7.00 .0.edit_violation: 0.00 .1.esm_pll:-1.28 .2.ablang2_ppl: 3.53 edits: 7.00 time: 3.99
4 loss: 0.25 .0.E_soft: 6.00 .0.edit_violation: 0.00 .1.esm_pll:-1.27 .2.ablang2_ppl: 3.44 edits: 6.00 time: 3.99
5 loss: 0.24 .0.E_soft: 7.00 .0.edit_violation: 0.00 .1.esm_pll:-1.23 .2.ablang2_ppl: 3.31 edits: 7.00 time: 3.99
6 loss: 0.24 .0.E_soft: 7.00 .0.edit_violation: 0.00 .1.esm_pll:-1.23 .2.ablang2_ppl: 3.31 edits: 7.00 time: 1.12
7 loss: 0.24 .0.E_soft: 7.00 .0.edit_violation: 0.00 .1.esm_pll:-1.23 .2.ablang2_ppl: 3.31 edits: 7.00 time: 1.12
8 loss: 0.24 .0.E_soft: 7.00 .0.edit_violation: 0.00 .1.esm_pll:-1.23 .2.ablang2_ppl: 3.31 edits: 7.00 time: 1.12
9 loss: 0.24 .0.E_soft: 7.00 .0.edit_violation: 0.00 .1.esm_pll:-1.23 .2.ablang2_ppl: 3.31 edits: 7.00 time: 1.12
10 loss: 0.24 .0.E_soft: 7.00 .0.edit_violation: 0.00 .1.esm_pll:-1.23 .2.ablang2_ppl: 3.31 edits: 7.00 time: 1.12
11 loss: 0.24 .0.E_soft: 7.00 .0.edit_violation: 0.00 .1.esm_pll:-1.23 .2.ablang2_ppl: 3.31 edits: 7.00 time: 1.12
12 loss: 0.24 .0.E_soft: 7.00 .0.edit_violation: 0.00 .1.esm_pll:-1.23 .2.ablang2_ppl: 3.31 edits: 7.00 time: 1.12
13 loss: 0.24 .0.E_soft: 7.00 .0.edit_violation: 0.00 .1.esm_pll:-1.23 .2.ablang2_ppl: 3.31 edits: 7.00 time: 1.12
14 loss: 0.24 .0.E_soft: 7.00 .0.edit_violation: 0.00 .1.esm_pll:-1.23 .2.ablang2_ppl: 3.31 edits: 7.00 time: 1.12
15 loss: 0.24 .0.E_soft: 7.00 .0.edit_violation: 0.00 .1.esm_pll:-1.23 .2.ablang2_ppl: 3.31 edits: 7.00 time: 1.12
16 loss: 0.24 .0.E_soft: 7.00 .0.edit_violation: 0.00 .1.esm_pll:-1.23 .2.ablang2_ppl: 3.31 edits: 7.00 time: 1.12
17 loss: 0.24 .0.E_soft: 7.00 .0.edit_violation: 0.00 .1.esm_pll:-1.23 .2.ablang2_ppl: 3.31 edits: 7.00 time: 1.12
18 loss: 0.24 .0.E_soft: 7.00 .0.edit_violation: 0.00 .1.esm_pll:-1.23 .2.ablang2_ppl: 3.31 edits: 7.00 time: 1.12
19 loss: 0.24 .0.E_soft: 7.00 .0.edit_violation: 0.00 .1.esm_pll:-1.23 .2.ablang2_ppl: 3.31 edits: 7.00 time: 1.12
20 loss: 0.24 .0.E_soft: 7.00 .0.edit_violation: 0.00 .1.esm_pll:-1.23 .2.ablang2_ppl: 3.31 edits: 7.00 time: 1.12
21 loss: 0.24 .0.E_soft: 7.00 .0.edit_violation: 0.00 .1.esm_pll:-1.23 .2.ablang2_ppl: 3.31 edits: 7.00 time: 1.12
22 loss: 0.24 .0.E_soft: 7.00 .0.edit_violation: 0.00 .1.esm_pll:-1.23 .2.ablang2_ppl: 3.31 edits: 7.00 time: 1.12
23 loss: 0.24 .0.E_soft: 7.00 .0.edit_violation: 0.00 .1.esm_pll:-1.23 .2.ablang2_ppl: 3.31 edits: 7.00 time: 1.12
24 loss: 0.24 .0.E_soft: 7.00 .0.edit_violation: 0.00 .1.esm_pll:-1.23 .2.ablang2_ppl: 3.31 edits: 7.00 time: 1.12
25 loss: 0.24 .0.E_soft: 7.00 .0.edit_violation: 0.00 .1.esm_pll:-1.23 .2.ablang2_ppl: 3.31 edits: 7.00 time: 1.12
26 loss: 0.24 .0.E_soft: 7.00 .0.edit_violation: 0.00 .1.esm_pll:-1.23 .2.ablang2_ppl: 3.31 edits: 7.00 time: 1.12
27 loss: 0.24 .0.E_soft: 7.00 .0.edit_violation: 0.00 .1.esm_pll:-1.23 .2.ablang2_ppl: 3.31 edits: 7.00 time: 1.12
28 loss: 0.24 .0.E_soft: 7.00 .0.edit_violation: 0.00 .1.esm_pll:-1.23 .2.ablang2_ppl: 3.31 edits: 7.00 time: 1.12
29 loss: 0.24 .0.E_soft: 7.00 .0.edit_violation: 0.00 .1.esm_pll:-1.23 .2.ablang2_ppl: 3.31 edits: 7.00 time: 1.12
30 loss: 0.24 .0.E_soft: 7.00 .0.edit_violation: 0.00 .1.esm_pll:-1.23 .2.ablang2_ppl: 3.31 edits: 7.00 time: 1.12
31 loss: 0.24 .0.E_soft: 7.00 .0.edit_violation: 0.00 .1.esm_pll:-1.23 .2.ablang2_ppl: 3.31 edits: 7.00 time: 1.12
32 loss: 0.24 .0.E_soft: 7.00 .0.edit_violation: 0.00 .1.esm_pll:-1.23 .2.ablang2_ppl: 3.31 edits: 7.00 time: 1.12
33 loss: 0.24 .0.E_soft: 7.00 .0.edit_violation: 0.00 .1.esm_pll:-1.23 .2.ablang2_ppl: 3.31 edits: 7.00 time: 1.12
34 loss: 0.24 .0.E_soft: 7.00 .0.edit_violation: 0.00 .1.esm_pll:-1.23 .2.ablang2_ppl: 3.31 edits: 7.00 time: 1.13
35 loss: 0.24 .0.E_soft: 7.00 .0.edit_violation: 0.00 .1.esm_pll:-1.23 .2.ablang2_ppl: 3.31 edits: 7.00 time: 1.12
36 loss: 0.24 .0.E_soft: 7.00 .0.edit_violation: 0.00 .1.esm_pll:-1.23 .2.ablang2_ppl: 3.31 edits: 7.00 time: 1.12
37 loss: 0.24 .0.E_soft: 7.00 .0.edit_violation: 0.00 .1.esm_pll:-1.23 .2.ablang2_ppl: 3.31 edits: 7.00 time: 1.13
38 loss: 0.24 .0.E_soft: 7.00 .0.edit_violation: 0.00 .1.esm_pll:-1.23 .2.ablang2_ppl: 3.31 edits: 7.00 time: 1.13
39 loss: 0.24 .0.E_soft: 7.00 .0.edit_violation: 0.00 .1.esm_pll:-1.23 .2.ablang2_ppl: 3.31 edits: 7.00 time: 1.12
40 loss: 0.24 .0.E_soft: 7.00 .0.edit_violation: 0.00 .1.esm_pll:-1.23 .2.ablang2_ppl: 3.31 edits: 7.00 time: 1.12
41 loss: 0.24 .0.E_soft: 7.00 .0.edit_violation: 0.00 .1.esm_pll:-1.23 .2.ablang2_ppl: 3.31 edits: 7.00 time: 1.13
42 loss: 0.24 .0.E_soft: 7.00 .0.edit_violation: 0.00 .1.esm_pll:-1.23 .2.ablang2_ppl: 3.31 edits: 7.00 time: 1.12
43 loss: 0.24 .0.E_soft: 7.00 .0.edit_violation: 0.00 .1.esm_pll:-1.23 .2.ablang2_ppl: 3.31 edits: 7.00 time: 1.12
44 loss: 0.24 .0.E_soft: 7.00 .0.edit_violation: 0.00 .1.esm_pll:-1.23 .2.ablang2_ppl: 3.31 edits: 7.00 time: 1.12
45 loss: 0.24 .0.E_soft: 7.00 .0.edit_violation: 0.00 .1.esm_pll:-1.23 .2.ablang2_ppl: 3.31 edits: 7.00 time: 1.13
46 loss: 0.24 .0.E_soft: 7.00 .0.edit_violation: 0.00 .1.esm_pll:-1.23 .2.ablang2_ppl: 3.31 edits: 7.00 time: 1.13
47 loss: 0.24 .0.E_soft: 7.00 .0.edit_violation: 0.00 .1.esm_pll:-1.23 .2.ablang2_ppl: 3.31 edits: 7.00 time: 1.12
48 loss: 0.24 .0.E_soft: 7.00 .0.edit_violation: 0.00 .1.esm_pll:-1.23 .2.ablang2_ppl: 3.31 edits: 7.00 time: 1.12
49 loss: 0.24 .0.E_soft: 7.00 .0.edit_violation: 0.00 .1.esm_pll:-1.23 .2.ablang2_ppl: 3.31 edits: 7.00 time: 1.12
step 50: feasible neighbourhood exhausted, stopping
[stage    478.5s] outer 0: finished edit-budgeted greedy polish

[outer 1] guided partial diffusion (start_sigma_frac=0.25, steps=200)...
[stage    478.6s] outer 1: starting guided partial diffusion
[stage    684.4s] outer 1: finished guided partial diffusion
[stage    684.4s] outer 1: decoding final structure with ABMPNN
[outer 1] diffusion produced 23 edits vs parent
[stage    686.5s] outer 1: finished ABMPNN decode
[outer 1] edit-budgeted greedy polish (budget=7, steps<=200)...
[stage    686.5s] outer 1: starting edit-budgeted greedy polish
warn: starting sequence had 23 edits > budget 7; reverted 16 positions before starting greedy descent.
init loss: 0.27 .0.E_soft: 7.00 .0.edit_violation: 0.00 .1.esm_pll:-1.33 .2.ablang2_ppl: 4.04 edits: 7.00
0 loss: 0.27 .0.E_soft: 7.00 .0.edit_violation: 0.00 .1.esm_pll:-1.30 .2.ablang2_ppl: 3.87 edits: 7.00 time: 3.99
1 loss: 0.26 .0.E_soft: 7.00 .0.edit_violation: 0.00 .1.esm_pll:-1.28 .2.ablang2_ppl: 3.88 edits: 7.00 time: 4.00
2 loss: 0.26 .0.E_soft: 7.00 .0.edit_violation: 0.00 .1.esm_pll:-1.27 .2.ablang2_ppl: 3.82 edits: 7.00 time: 3.99
3 loss: 0.26 .0.E_soft: 7.00 .0.edit_violation: 0.00 .1.esm_pll:-1.25 .2.ablang2_ppl: 3.74 edits: 7.00 time: 4.00
4 loss: 0.26 .0.E_soft: 7.00 .0.edit_violation: 0.00 .1.esm_pll:-1.25 .2.ablang2_ppl: 3.74 edits: 7.00 time: 1.13
5 loss: 0.26 .0.E_soft: 7.00 .0.edit_violation: 0.00 .1.esm_pll:-1.25 .2.ablang2_ppl: 3.74 edits: 7.00 time: 1.12
6 loss: 0.26 .0.E_soft: 7.00 .0.edit_violation: 0.00 .1.esm_pll:-1.27 .2.ablang2_ppl: 3.60 edits: 7.00 time: 4.00
7 loss: 0.25 .0.E_soft: 7.00 .0.edit_violation: 0.00 .1.esm_pll:-1.28 .2.ablang2_ppl: 3.52 edits: 7.00 time: 3.99
8 loss: 0.25 .0.E_soft: 7.00 .0.edit_violation: 0.00 .1.esm_pll:-1.28 .2.ablang2_ppl: 3.52 edits: 7.00 time: 1.12
9 loss: 0.25 .0.E_soft: 7.00 .0.edit_violation: 0.00 .1.esm_pll:-1.28 .2.ablang2_ppl: 3.52 edits: 7.00 time: 1.12
10 loss: 0.25 .0.E_soft: 7.00 .0.edit_violation: 0.00 .1.esm_pll:-1.28 .2.ablang2_ppl: 3.52 edits: 7.00 time: 1.12
11 loss: 0.25 .0.E_soft: 7.00 .0.edit_violation: 0.00 .1.esm_pll:-1.28 .2.ablang2_ppl: 3.52 edits: 7.00 time: 1.12
12 loss: 0.25 .0.E_soft: 7.00 .0.edit_violation: 0.00 .1.esm_pll:-1.28 .2.ablang2_ppl: 3.52 edits: 7.00 time: 1.12
13 loss: 0.25 .0.E_soft: 7.00 .0.edit_violation: 0.00 .1.esm_pll:-1.28 .2.ablang2_ppl: 3.52 edits: 7.00 time: 1.13
14 loss: 0.25 .0.E_soft: 7.00 .0.edit_violation: 0.00 .1.esm_pll:-1.28 .2.ablang2_ppl: 3.52 edits: 7.00 time: 1.12
15 loss: 0.25 .0.E_soft: 7.00 .0.edit_violation: 0.00 .1.esm_pll:-1.28 .2.ablang2_ppl: 3.52 edits: 7.00 time: 1.12
16 loss: 0.25 .0.E_soft: 7.00 .0.edit_violation: 0.00 .1.esm_pll:-1.28 .2.ablang2_ppl: 3.52 edits: 7.00 time: 1.12
17 loss: 0.25 .0.E_soft: 7.00 .0.edit_violation: 0.00 .1.esm_pll:-1.28 .2.ablang2_ppl: 3.52 edits: 7.00 time: 1.13
18 loss: 0.25 .0.E_soft: 7.00 .0.edit_violation: 0.00 .1.esm_pll:-1.28 .2.ablang2_ppl: 3.52 edits: 7.00 time: 1.12
19 loss: 0.25 .0.E_soft: 7.00 .0.edit_violation: 0.00 .1.esm_pll:-1.28 .2.ablang2_ppl: 3.52 edits: 7.00 time: 1.12
20 loss: 0.25 .0.E_soft: 7.00 .0.edit_violation: 0.00 .1.esm_pll:-1.28 .2.ablang2_ppl: 3.52 edits: 7.00 time: 1.12
21 loss: 0.25 .0.E_soft: 7.00 .0.edit_violation: 0.00 .1.esm_pll:-1.28 .2.ablang2_ppl: 3.52 edits: 7.00 time: 1.13
22 loss: 0.25 .0.E_soft: 7.00 .0.edit_violation: 0.00 .1.esm_pll:-1.28 .2.ablang2_ppl: 3.52 edits: 7.00 time: 1.12
23 loss: 0.25 .0.E_soft: 7.00 .0.edit_violation: 0.00 .1.esm_pll:-1.28 .2.ablang2_ppl: 3.52 edits: 7.00 time: 1.12
24 loss: 0.25 .0.E_soft: 7.00 .0.edit_violation: 0.00 .1.esm_pll:-1.28 .2.ablang2_ppl: 3.52 edits: 7.00 time: 1.12
25 loss: 0.25 .0.E_soft: 7.00 .0.edit_violation: 0.00 .1.esm_pll:-1.28 .2.ablang2_ppl: 3.52 edits: 7.00 time: 1.13
26 loss: 0.25 .0.E_soft: 7.00 .0.edit_violation: 0.00 .1.esm_pll:-1.28 .2.ablang2_ppl: 3.52 edits: 7.00 time: 1.13
27 loss: 0.25 .0.E_soft: 7.00 .0.edit_violation: 0.00 .1.esm_pll:-1.28 .2.ablang2_ppl: 3.52 edits: 7.00 time: 1.12
28 loss: 0.25 .0.E_soft: 7.00 .0.edit_violation: 0.00 .1.esm_pll:-1.28 .2.ablang2_ppl: 3.52 edits: 7.00 time: 1.12
29 loss: 0.25 .0.E_soft: 7.00 .0.edit_violation: 0.00 .1.esm_pll:-1.28 .2.ablang2_ppl: 3.52 edits: 7.00 time: 1.13
30 loss: 0.25 .0.E_soft: 7.00 .0.edit_violation: 0.00 .1.esm_pll:-1.28 .2.ablang2_ppl: 3.52 edits: 7.00 time: 1.12
31 loss: 0.25 .0.E_soft: 7.00 .0.edit_violation: 0.00 .1.esm_pll:-1.28 .2.ablang2_ppl: 3.52 edits: 7.00 time: 1.12
32 loss: 0.25 .0.E_soft: 7.00 .0.edit_violation: 0.00 .1.esm_pll:-1.28 .2.ablang2_ppl: 3.52 edits: 7.00 time: 1.13
33 loss: 0.25 .0.E_soft: 7.00 .0.edit_violation: 0.00 .1.esm_pll:-1.28 .2.ablang2_ppl: 3.52 edits: 7.00 time: 1.12
34 loss: 0.25 .0.E_soft: 7.00 .0.edit_violation: 0.00 .1.esm_pll:-1.28 .2.ablang2_ppl: 3.52 edits: 7.00 time: 1.12
35 loss: 0.25 .0.E_soft: 7.00 .0.edit_violation: 0.00 .1.esm_pll:-1.28 .2.ablang2_ppl: 3.52 edits: 7.00 time: 1.12
36 loss: 0.25 .0.E_soft: 7.00 .0.edit_violation: 0.00 .1.esm_pll:-1.28 .2.ablang2_ppl: 3.52 edits: 7.00 time: 1.13
37 loss: 0.25 .0.E_soft: 7.00 .0.edit_violation: 0.00 .1.esm_pll:-1.28 .2.ablang2_ppl: 3.52 edits: 7.00 time: 1.13
38 loss: 0.25 .0.E_soft: 7.00 .0.edit_violation: 0.00 .1.esm_pll:-1.28 .2.ablang2_ppl: 3.52 edits: 7.00 time: 1.12
39 loss: 0.25 .0.E_soft: 7.00 .0.edit_violation: 0.00 .1.esm_pll:-1.28 .2.ablang2_ppl: 3.52 edits: 7.00 time: 1.13
40 loss: 0.25 .0.E_soft: 7.00 .0.edit_violation: 0.00 .1.esm_pll:-1.28 .2.ablang2_ppl: 3.52 edits: 7.00 time: 1.13
41 loss: 0.25 .0.E_soft: 7.00 .0.edit_violation: 0.00 .1.esm_pll:-1.28 .2.ablang2_ppl: 3.52 edits: 7.00 time: 1.12
42 loss: 0.25 .0.E_soft: 7.00 .0.edit_violation: 0.00 .1.esm_pll:-1.28 .2.ablang2_ppl: 3.52 edits: 7.00 time: 1.12
43 loss: 0.25 .0.E_soft: 7.00 .0.edit_violation: 0.00 .1.esm_pll:-1.28 .2.ablang2_ppl: 3.52 edits: 7.00 time: 1.13
44 loss: 0.25 .0.E_soft: 7.00 .0.edit_violation: 0.00 .1.esm_pll:-1.28 .2.ablang2_ppl: 3.52 edits: 7.00 time: 1.13
45 loss: 0.25 .0.E_soft: 7.00 .0.edit_violation: 0.00 .1.esm_pll:-1.28 .2.ablang2_ppl: 3.52 edits: 7.00 time: 1.12
46 loss: 0.25 .0.E_soft: 7.00 .0.edit_violation: 0.00 .1.esm_pll:-1.28 .2.ablang2_ppl: 3.52 edits: 7.00 time: 1.12
47 loss: 0.25 .0.E_soft: 7.00 .0.edit_violation: 0.00 .1.esm_pll:-1.28 .2.ablang2_ppl: 3.52 edits: 7.00 time: 1.13
48 loss: 0.25 .0.E_soft: 7.00 .0.edit_violation: 0.00 .1.esm_pll:-1.28 .2.ablang2_ppl: 3.52 edits: 7.00 time: 1.13
49 loss: 0.25 .0.E_soft: 7.00 .0.edit_violation: 0.00 .1.esm_pll:-1.28 .2.ablang2_ppl: 3.52 edits: 7.00 time: 1.13
50 loss: 0.25 .0.E_soft: 7.00 .0.edit_violation: 0.00 .1.esm_pll:-1.28 .2.ablang2_ppl: 3.52 edits: 7.00 time: 1.13
51 loss: 0.25 .0.E_soft: 7.00 .0.edit_violation: 0.00 .1.esm_pll:-1.28 .2.ablang2_ppl: 3.52 edits: 7.00 time: 13.29
step 52: feasible neighbourhood exhausted, stopping
[stage    777.3s] outer 1: finished edit-budgeted greedy polish

[outer 2] guided partial diffusion (start_sigma_frac=0.25, steps=200)...
[stage    777.3s] outer 2: starting guided partial diffusion
[stage   1034.3s] outer 2: finished guided partial diffusion
[stage   1034.3s] outer 2: decoding final structure with ABMPNN
[outer 2] diffusion produced 25 edits vs parent
[stage   1036.8s] outer 2: finished ABMPNN decode
[outer 2] edit-budgeted greedy polish (budget=7, steps<=200)...
[stage   1036.8s] outer 2: starting edit-budgeted greedy polish
warn: starting sequence had 25 edits > budget 7; reverted 18 positions before starting greedy descent.
init loss: 0.27 .0.E_soft: 7.00 .0.edit_violation: 0.00 .1.esm_pll:-1.34 .2.ablang2_ppl: 4.01 edits: 7.00
0 loss: 0.27 .0.E_soft: 6.00 .0.edit_violation: 0.00 .1.esm_pll:-1.33 .2.ablang2_ppl: 3.85 edits: 6.00 time: 8.57
1 loss: 0.26 .0.E_soft: 7.00 .0.edit_violation: 0.00 .1.esm_pll:-1.29 .2.ablang2_ppl: 3.71 edits: 7.00 time: 8.35
2 loss: 0.26 .0.E_soft: 7.00 .0.edit_violation: 0.00 .1.esm_pll:-1.28 .2.ablang2_ppl: 3.66 edits: 7.00 time: 7.84
3 loss: 0.25 .0.E_soft: 7.00 .0.edit_violation: 0.00 .1.esm_pll:-1.27 .2.ablang2_ppl: 3.54 edits: 7.00 time: 8.92
4 loss: 0.25 .0.E_soft: 7.00 .0.edit_violation: 0.00 .1.esm_pll:-1.27 .2.ablang2_ppl: 3.54 edits: 7.00 time: 2.49
5 loss: 0.25 .0.E_soft: 7.00 .0.edit_violation: 0.00 .1.esm_pll:-1.28 .2.ablang2_ppl: 3.41 edits: 7.00 time: 8.92
6 loss: 0.25 .0.E_soft: 7.00 .0.edit_violation: 0.00 .1.esm_pll:-1.28 .2.ablang2_ppl: 3.41 edits: 7.00 time: 2.49
7 loss: 0.25 .0.E_soft: 7.00 .0.edit_violation: 0.00 .1.esm_pll:-1.28 .2.ablang2_ppl: 3.41 edits: 7.00 time: 2.49
8 loss: 0.25 .0.E_soft: 7.00 .0.edit_violation: 0.00 .1.esm_pll:-1.28 .2.ablang2_ppl: 3.41 edits: 7.00 time: 2.49
9 loss: 0.25 .0.E_soft: 7.00 .0.edit_violation: 0.00 .1.esm_pll:-1.28 .2.ablang2_ppl: 3.41 edits: 7.00 time: 2.49
10 loss: 0.25 .0.E_soft: 7.00 .0.edit_violation: 0.00 .1.esm_pll:-1.30 .2.ablang2_ppl: 3.34 edits: 7.00 time: 8.92
11 loss: 0.25 .0.E_soft: 7.00 .0.edit_violation: 0.00 .1.esm_pll:-1.29 .2.ablang2_ppl: 3.33 edits: 7.00 time: 8.92
12 loss: 0.25 .0.E_soft: 7.00 .0.edit_violation: 0.00 .1.esm_pll:-1.29 .2.ablang2_ppl: 3.33 edits: 7.00 time: 2.49
13 loss: 0.25 .0.E_soft: 7.00 .0.edit_violation: 0.00 .1.esm_pll:-1.29 .2.ablang2_ppl: 3.33 edits: 7.00 time: 2.49
14 loss: 0.25 .0.E_soft: 7.00 .0.edit_violation: 0.00 .1.esm_pll:-1.29 .2.ablang2_ppl: 3.30 edits: 7.00 time: 8.92
15 loss: 0.25 .0.E_soft: 7.00 .0.edit_violation: 0.00 .1.esm_pll:-1.29 .2.ablang2_ppl: 3.30 edits: 7.00 time: 2.49
16 loss: 0.25 .0.E_soft: 7.00 .0.edit_violation: 0.00 .1.esm_pll:-1.29 .2.ablang2_ppl: 3.30 edits: 7.00 time: 2.49
17 loss: 0.25 .0.E_soft: 7.00 .0.edit_violation: 0.00 .1.esm_pll:-1.29 .2.ablang2_ppl: 3.30 edits: 7.00 time: 2.49
18 loss: 0.25 .0.E_soft: 7.00 .0.edit_violation: 0.00 .1.esm_pll:-1.29 .2.ablang2_ppl: 3.30 edits: 7.00 time: 2.49
19 loss: 0.25 .0.E_soft: 7.00 .0.edit_violation: 0.00 .1.esm_pll:-1.29 .2.ablang2_ppl: 3.30 edits: 7.00 time: 2.49
20 loss: 0.25 .0.E_soft: 7.00 .0.edit_violation: 0.00 .1.esm_pll:-1.28 .2.ablang2_ppl: 3.29 edits: 7.00 time: 8.86
21 loss: 0.25 .0.E_soft: 7.00 .0.edit_violation: 0.00 .1.esm_pll:-1.28 .2.ablang2_ppl: 3.29 edits: 7.00 time: 4.58
22 loss: 0.25 .0.E_soft: 7.00 .0.edit_violation: 0.00 .1.esm_pll:-1.28 .2.ablang2_ppl: 3.29 edits: 7.00 time: 1.12
23 loss: 0.25 .0.E_soft: 7.00 .0.edit_violation: 0.00 .1.esm_pll:-1.28 .2.ablang2_ppl: 3.29 edits: 7.00 time: 1.13
24 loss: 0.25 .0.E_soft: 7.00 .0.edit_violation: 0.00 .1.esm_pll:-1.28 .2.ablang2_ppl: 3.29 edits: 7.00 time: 1.13
25 loss: 0.25 .0.E_soft: 7.00 .0.edit_violation: 0.00 .1.esm_pll:-1.28 .2.ablang2_ppl: 3.29 edits: 7.00 time: 1.13
26 loss: 0.25 .0.E_soft: 7.00 .0.edit_violation: 0.00 .1.esm_pll:-1.28 .2.ablang2_ppl: 3.29 edits: 7.00 time: 1.13
27 loss: 0.25 .0.E_soft: 7.00 .0.edit_violation: 0.00 .1.esm_pll:-1.28 .2.ablang2_ppl: 3.29 edits: 7.00 time: 1.13
28 loss: 0.25 .0.E_soft: 7.00 .0.edit_violation: 0.00 .1.esm_pll:-1.28 .2.ablang2_ppl: 3.29 edits: 7.00 time: 1.13
29 loss: 0.25 .0.E_soft: 7.00 .0.edit_violation: 0.00 .1.esm_pll:-1.28 .2.ablang2_ppl: 3.29 edits: 7.00 time: 1.13
30 loss: 0.25 .0.E_soft: 7.00 .0.edit_violation: 0.00 .1.esm_pll:-1.28 .2.ablang2_ppl: 3.29 edits: 7.00 time: 1.13
31 loss: 0.25 .0.E_soft: 7.00 .0.edit_violation: 0.00 .1.esm_pll:-1.28 .2.ablang2_ppl: 3.29 edits: 7.00 time: 1.13
32 loss: 0.25 .0.E_soft: 7.00 .0.edit_violation: 0.00 .1.esm_pll:-1.28 .2.ablang2_ppl: 3.29 edits: 7.00 time: 1.13
33 loss: 0.25 .0.E_soft: 7.00 .0.edit_violation: 0.00 .1.esm_pll:-1.28 .2.ablang2_ppl: 3.29 edits: 7.00 time: 1.13
34 loss: 0.25 .0.E_soft: 7.00 .0.edit_violation: 0.00 .1.esm_pll:-1.28 .2.ablang2_ppl: 3.29 edits: 7.00 time: 1.13
35 loss: 0.25 .0.E_soft: 7.00 .0.edit_violation: 0.00 .1.esm_pll:-1.28 .2.ablang2_ppl: 3.29 edits: 7.00 time: 1.13
36 loss: 0.25 .0.E_soft: 7.00 .0.edit_violation: 0.00 .1.esm_pll:-1.28 .2.ablang2_ppl: 3.29 edits: 7.00 time: 1.13
37 loss: 0.25 .0.E_soft: 7.00 .0.edit_violation: 0.00 .1.esm_pll:-1.28 .2.ablang2_ppl: 3.29 edits: 7.00 time: 1.13
38 loss: 0.25 .0.E_soft: 7.00 .0.edit_violation: 0.00 .1.esm_pll:-1.28 .2.ablang2_ppl: 3.29 edits: 7.00 time: 1.13
39 loss: 0.25 .0.E_soft: 7.00 .0.edit_violation: 0.00 .1.esm_pll:-1.28 .2.ablang2_ppl: 3.29 edits: 7.00 time: 1.13
40 loss: 0.25 .0.E_soft: 7.00 .0.edit_violation: 0.00 .1.esm_pll:-1.28 .2.ablang2_ppl: 3.29 edits: 7.00 time: 1.19
41 loss: 0.25 .0.E_soft: 7.00 .0.edit_violation: 0.00 .1.esm_pll:-1.28 .2.ablang2_ppl: 3.29 edits: 7.00 time: 1.18
42 loss: 0.25 .0.E_soft: 7.00 .0.edit_violation: 0.00 .1.esm_pll:-1.28 .2.ablang2_ppl: 3.29 edits: 7.00 time: 1.17
43 loss: 0.25 .0.E_soft: 7.00 .0.edit_violation: 0.00 .1.esm_pll:-1.28 .2.ablang2_ppl: 3.29 edits: 7.00 time: 1.13
44 loss: 0.25 .0.E_soft: 7.00 .0.edit_violation: 0.00 .1.esm_pll:-1.28 .2.ablang2_ppl: 3.29 edits: 7.00 time: 1.13
45 loss: 0.25 .0.E_soft: 7.00 .0.edit_violation: 0.00 .1.esm_pll:-1.28 .2.ablang2_ppl: 3.29 edits: 7.00 time: 1.13
46 loss: 0.25 .0.E_soft: 7.00 .0.edit_violation: 0.00 .1.esm_pll:-1.28 .2.ablang2_ppl: 3.29 edits: 7.00 time: 1.13
47 loss: 0.25 .0.E_soft: 7.00 .0.edit_violation: 0.00 .1.esm_pll:-1.28 .2.ablang2_ppl: 3.29 edits: 7.00 time: 1.13
48 loss: 0.25 .0.E_soft: 7.00 .0.edit_violation: 0.00 .1.esm_pll:-1.28 .2.ablang2_ppl: 3.29 edits: 7.00 time: 1.13
49 loss: 0.25 .0.E_soft: 7.00 .0.edit_violation: 0.00 .1.esm_pll:-1.28 .2.ablang2_ppl: 3.29 edits: 7.00 time: 1.13
50 loss: 0.25 .0.E_soft: 7.00 .0.edit_violation: 0.00 .1.esm_pll:-1.28 .2.ablang2_ppl: 3.29 edits: 7.00 time: 1.13
51 loss: 0.25 .0.E_soft: 7.00 .0.edit_violation: 0.00 .1.esm_pll:-1.28 .2.ablang2_ppl: 3.29 edits: 7.00 time: 1.13
52 loss: 0.25 .0.E_soft: 7.00 .0.edit_violation: 0.00 .1.esm_pll:-1.28 .2.ablang2_ppl: 3.29 edits: 7.00 time: 1.13
53 loss: 0.25 .0.E_soft: 7.00 .0.edit_violation: 0.00 .1.esm_pll:-1.28 .2.ablang2_ppl: 3.29 edits: 7.00 time: 1.13
54 loss: 0.25 .0.E_soft: 7.00 .0.edit_violation: 0.00 .1.esm_pll:-1.28 .2.ablang2_ppl: 3.29 edits: 7.00 time: 1.13
55 loss: 0.25 .0.E_soft: 7.00 .0.edit_violation: 0.00 .1.esm_pll:-1.28 .2.ablang2_ppl: 3.29 edits: 7.00 time: 1.18
56 loss: 0.25 .0.E_soft: 7.00 .0.edit_violation: 0.00 .1.esm_pll:-1.28 .2.ablang2_ppl: 3.29 edits: 7.00 time: 1.19
57 loss: 0.25 .0.E_soft: 7.00 .0.edit_violation: 0.00 .1.esm_pll:-1.28 .2.ablang2_ppl: 3.29 edits: 7.00 time: 1.19
58 loss: 0.25 .0.E_soft: 7.00 .0.edit_violation: 0.00 .1.esm_pll:-1.28 .2.ablang2_ppl: 3.29 edits: 7.00 time: 1.19
59 loss: 0.25 .0.E_soft: 7.00 .0.edit_violation: 0.00 .1.esm_pll:-1.28 .2.ablang2_ppl: 3.29 edits: 7.00 time: 1.14
60 loss: 0.25 .0.E_soft: 7.00 .0.edit_violation: 0.00 .1.esm_pll:-1.28 .2.ablang2_ppl: 3.29 edits: 7.00 time: 1.13
61 loss: 0.25 .0.E_soft: 7.00 .0.edit_violation: 0.00 .1.esm_pll:-1.28 .2.ablang2_ppl: 3.29 edits: 7.00 time: 1.15
62 loss: 0.25 .0.E_soft: 7.00 .0.edit_violation: 0.00 .1.esm_pll:-1.28 .2.ablang2_ppl: 3.29 edits: 7.00 time: 1.14
63 loss: 0.25 .0.E_soft: 7.00 .0.edit_violation: 0.00 .1.esm_pll:-1.28 .2.ablang2_ppl: 3.29 edits: 7.00 time: 1.15
64 loss: 0.25 .0.E_soft: 7.00 .0.edit_violation: 0.00 .1.esm_pll:-1.28 .2.ablang2_ppl: 3.29 edits: 7.00 time: 1.15
step 65: feasible neighbourhood exhausted, stopping
[stage   1204.5s] outer 2: finished edit-budgeted greedy polish

[output] writing Pareto front and per-iteration log...
[stage   1204.5s] writing Pareto front and iterations CSV
[refold] refolding Pareto candidates with Boltz2...
[stage   1204.6s] starting Boltz2 refold
[stage   1204.6s] refold: importing Boltz2 helpers
[stage   1206.8s] refold: loading Boltz2 model
/storage/frank/mosaic/.venv/lib/python3.12/site-packages/pytorch_lightning/utilities/migration/utils.py:56: The loaded checkpoint was produced with Lightning v2.5.0.post0, which is newer than your current Lightning version: v2.5.0
[stage   1259.5s] refold: loaded Boltz2 model
[stage   1259.5s] refold: reading complex /storage/frank/mosaic/optimization/vhh/VHH72_WT_SARS-CoV-2_RBD_relaxed.pdb
[stage   1259.5s] refold: built target chain templates/features
[refold] using sample batch size 5 for 5 sample(s) per candidate
[stage   1259.5s] refold: preparing edit_count=6
Loading data
Checking input data.
Processing 1 inputs with 1 threads.
  0%|          | 0/1 [00:00<?, ?it/s]Found explicit empty MSA for some proteins, will run these in single sequence mode. Keep in mind that the model predictions will be suboptimal without an MSA.
Found explicit empty MSA for some proteins, will run these in single sequence mode. Keep in mind that the model predictions will be suboptimal without an MSA.
100%|██████████| 1/1 [00:00<00:00, 10.82it/s]
Something odd happened with manifest, trying to reload.
/storage/frank/mosaic/.venv/lib/python3.12/site-packages/torch/utils/data/dataloader.py:665: UserWarning: 'pin_memory' argument is set as true but no accelerator is found, then device pinned memory won't be used.
  warnings.warn(warn_msg)
[stage   1260.6s] refold: running trunk edit_count=6
[stage   1283.6s] refold: finished trunk edit_count=6
[stage   1283.8s] refold: sampling edit_count=6 samples 0-4
[stage   1316.5s] refold: scored edit_count=6 samples 0-4
[stage   1318.1s] refold: preparing edit_count=7
Loading data
Checking input data.
Processing 1 inputs with 1 threads.
  0%|          | 0/1 [00:00<?, ?it/s]Found explicit empty MSA for some proteins, will run these in single sequence mode. Keep in mind that the model predictions will be suboptimal without an MSA.
Found explicit empty MSA for some proteins, will run these in single sequence mode. Keep in mind that the model predictions will be suboptimal without an MSA.
100%|██████████| 1/1 [00:00<00:00, 10.26it/s]
Something odd happened with manifest, trying to reload.
[stage   1318.5s] refold: running trunk edit_count=7
[stage   1339.6s] refold: finished trunk edit_count=7
[stage   1339.6s] refold: sampling edit_count=7 samples 0-4
[stage   1353.4s] refold: scored edit_count=7 samples 0-4
[stage   1355.0s] finished Boltz2 refold
[done] outputs in vhh/debug_VHH72_esm_fix/seed_0
[stage   1355.0s] run complete
